update-alternatives 2015-12-17 16:57:18: run with --quiet --install /usr/bin/awk awk /usr/bin/mawk 5 --slave /usr/share/man/man1/awk.1.gz awk.1.gz /usr/share/man/man1/mawk.1.gz --slave /usr/bin/nawk nawk /usr/bin/mawk --slave /usr/share/man/man1/nawk.1.gz nawk.1.gz /usr/share/man/man1/mawk.1.gz
update-alternatives 2015-12-17 16:57:18: link group awk updated to point to /usr/bin/mawk
update-alternatives 2015-12-17 16:58:11: run with --quiet --install /usr/bin/awk awk /usr/bin/mawk 5 --slave /usr/share/man/man1/awk.1.gz awk.1.gz /usr/share/man/man1/mawk.1.gz --slave /usr/bin/nawk nawk /usr/bin/mawk --slave /usr/share/man/man1/nawk.1.gz nawk.1.gz /usr/share/man/man1/mawk.1.gz
update-alternatives 2015-12-17 16:58:18: run with --install /usr/sbin/rmt rmt /usr/sbin/rmt-tar 50 --slave /usr/share/man/man8/rmt.8.gz rmt.8.gz /usr/share/man/man8/rmt-tar.8.gz
update-alternatives 2015-12-17 16:58:18: link group rmt updated to point to /usr/sbin/rmt-tar
update-alternatives 2015-12-17 16:58:39: run with --install /usr/share/man/man7/builtins.7.gz builtins.7.gz /usr/share/man/man7/bash-builtins.7.gz 10
update-alternatives 2015-12-17 16:58:39: link group builtins.7.gz updated to point to /usr/share/man/man7/bash-builtins.7.gz
update-alternatives 2015-12-17 16:58:40: run with --install /usr/bin/w w /usr/bin/w.procps 50 --slave /usr/share/man/man1/w.1.gz w.1.gz /usr/share/man/man1/w.procps.1.gz
update-alternatives 2015-12-17 16:58:40: link group w updated to point to /usr/bin/w.procps
update-alternatives 2015-12-17 16:58:46: run with --install /usr/bin/pager pager /bin/more 50 --slave /usr/share/man/man1/pager.1.gz pager.1.gz /usr/share/man/man1/more.1.gz
update-alternatives 2015-12-17 16:58:46: link group pager updated to point to /bin/more
update-alternatives 2015-12-17 16:58:46: run with --install /usr/bin/pager pager /usr/bin/pg 10 --slave /usr/share/man/man1/pager.1.gz pager.1.gz /usr/share/man/man1/pg.1.gz
update-alternatives 2015-12-17 17:00:00: run with --install /bin/mt mt /bin/mt-gnu 10 --slave /usr/share/man/man1/mt.1.gz mt.1.gz /usr/share/man/man1/mt-gnu.1.gz
update-alternatives 2015-12-17 17:00:00: link group mt updated to point to /bin/mt-gnu
update-alternatives 2015-12-17 17:00:01: run with --quiet --install /usr/bin/pager pager /bin/less 77 --slave /usr/share/man/man1/pager.1.gz pager.1.gz /usr/share/man/man1/less.1.gz
update-alternatives 2015-12-17 17:00:01: link group pager updated to point to /bin/less
update-alternatives 2015-12-17 17:00:01: run with --quiet --remove pager /usr/bin/less
update-alternatives 2015-12-17 17:00:02: run with --quiet --install /usr/bin/pager pager /bin/less 77 --slave /usr/share/man/man1/pager.1.gz pager.1.gz /usr/share/man/man1/less.1.gz
update-alternatives 2015-12-17 17:00:03: run with --quiet --remove pager /usr/bin/less
update-alternatives 2015-12-17 17:00:04: run with --install /bin/nc nc /bin/nc.traditional 10 --slave /bin/netcat netcat /bin/nc.traditional --slave /usr/share/man/man1/nc.1.gz nc.1.gz /usr/share/man/man1/nc.traditional.1.gz --slave /usr/share/man/man1/netcat.1.gz netcat.1.gz /usr/share/man/man1/nc.traditional.1.gz
update-alternatives 2015-12-17 17:00:04: link group nc updated to point to /bin/nc.traditional
update-alternatives 2015-12-17 17:00:05: run with --install /usr/bin/editor editor /bin/nano 40 --slave /usr/share/man/man1/editor.1.gz editor.1.gz /usr/share/man/man1/nano.1.gz
update-alternatives 2015-12-17 17:00:05: link group editor updated to point to /bin/nano
update-alternatives 2015-12-17 17:00:05: run with --install /usr/bin/pico pico /bin/nano 10 --slave /usr/share/man/man1/pico.1.gz pico.1.gz /usr/share/man/man1/nano.1.gz
update-alternatives 2015-12-17 17:00:05: link group pico updated to point to /bin/nano
update-alternatives 2015-12-17 17:00:07: run with --install /usr/bin/write write /usr/bin/bsd-write 100 --slave /usr/share/man/man1/write.1.gz write.1.gz /usr/share/man/man1/bsd-write.1.gz
update-alternatives 2015-12-17 17:00:07: link group write updated to point to /usr/bin/bsd-write
update-alternatives 2015-12-17 17:00:07: run with --install /usr/bin/from from /usr/bin/bsd-from 10 --slave /usr/share/man/man1/from.1.gz from.1.gz /usr/share/man/man1/bsd-from.1.gz
update-alternatives 2015-12-17 17:00:07: link group from updated to point to /usr/bin/bsd-from
update-alternatives 2015-12-17 17:00:12: run with --install /usr/bin/traceroute traceroute /usr/bin/traceroute.db 100 --slave /usr/sbin/traceroute traceroute.sbin /usr/bin/traceroute.db --slave /usr/share/man/man1/traceroute.1.gz traceroute.1.gz /usr/share/man/man1/traceroute.db.1.gz
update-alternatives 2015-12-17 17:00:12: link group traceroute updated to point to /usr/bin/traceroute.db
update-alternatives 2015-12-17 17:00:12: run with --install /usr/bin/traceroute6 traceroute6 /usr/bin/traceroute6.db 100 --slave /usr/share/man/man1/traceroute6.1.gz traceroute6.1.gz /usr/share/man/man1/traceroute6.db.1.gz
update-alternatives 2015-12-17 17:00:12: link group traceroute6 updated to point to /usr/bin/traceroute6.db
update-alternatives 2015-12-17 17:00:12: run with --install /usr/bin/lft lft /usr/bin/lft.db 100 --slave /usr/share/man/man1/lft.1.gz lft.1.gz /usr/share/man/man1/lft.db.1.gz
update-alternatives 2015-12-17 17:00:12: link group lft updated to point to /usr/bin/lft.db
update-alternatives 2015-12-17 17:00:12: run with --install /usr/bin/traceproto traceproto /usr/bin/traceproto.db 100 --slave /usr/share/man/man1/traceproto.1.gz traceproto.1.gz /usr/share/man/man1/traceproto.db.1.gz
update-alternatives 2015-12-17 17:00:12: link group traceproto updated to point to /usr/bin/traceproto.db
update-alternatives 2015-12-17 17:00:12: run with --install /usr/sbin/tcptraceroute tcptraceroute /usr/sbin/tcptraceroute.db 100 --slave /usr/share/man/man8/tcptraceroute.8.gz tcptraceroute.8.gz /usr/share/man/man8/tcptraceroute.db.8.gz
update-alternatives 2015-12-17 17:00:12: link group tcptraceroute updated to point to /usr/sbin/tcptraceroute.db
update-alternatives 2015-12-17 17:00:13: run with --install /usr/bin/rview rview /usr/bin/vim.tiny 10
update-alternatives 2015-12-17 17:00:13: link group rview updated to point to /usr/bin/vim.tiny
update-alternatives 2015-12-17 17:00:13: run with --install /usr/bin/vi vi /usr/bin/vim.tiny 10 --slave /usr/share/man/fr/man1/vi.1.gz vi.fr.1.gz /usr/share/man/fr/man1/vim.1.gz --slave /usr/share/man/it/man1/vi.1.gz vi.it.1.gz /usr/share/man/it/man1/vim.1.gz --slave /usr/share/man/pl/man1/vi.1.gz vi.pl.1.gz /usr/share/man/pl/man1/vim.1.gz --slave /usr/share/man/ru/man1/vi.1.gz vi.ru.1.gz /usr/share/man/ru/man1/vim.1.gz --slave /usr/share/man/ja/man1/vi.1.gz vi.ja.1.gz /usr/share/man/ja/man1/vim.1.gz --slave /usr/share/man/man1/vi.1.gz vi.1.gz /usr/share/man/man1/vim.1.gz
update-alternatives 2015-12-17 17:00:13: link group vi updated to point to /usr/bin/vim.tiny
update-alternatives 2015-12-17 17:00:13: run with --install /usr/bin/view view /usr/bin/vim.tiny 10 --slave /usr/share/man/fr/man1/view.1.gz view.fr.1.gz /usr/share/man/fr/man1/vim.1.gz --slave /usr/share/man/it/man1/view.1.gz view.it.1.gz /usr/share/man/it/man1/vim.1.gz --slave /usr/share/man/pl/man1/view.1.gz view.pl.1.gz /usr/share/man/pl/man1/vim.1.gz --slave /usr/share/man/ru/man1/view.1.gz view.ru.1.gz /usr/share/man/ru/man1/vim.1.gz --slave /usr/share/man/ja/man1/view.1.gz view.ja.1.gz /usr/share/man/ja/man1/vim.1.gz --slave /usr/share/man/man1/view.1.gz view.1.gz /usr/share/man/man1/vim.1.gz
update-alternatives 2015-12-17 17:00:13: link group view updated to point to /usr/bin/vim.tiny
update-alternatives 2015-12-17 17:00:13: run with --install /usr/bin/ex ex /usr/bin/vim.tiny 10 --slave /usr/share/man/fr/man1/ex.1.gz ex.fr.1.gz /usr/share/man/fr/man1/vim.1.gz --slave /usr/share/man/it/man1/ex.1.gz ex.it.1.gz /usr/share/man/it/man1/vim.1.gz --slave /usr/share/man/pl/man1/ex.1.gz ex.pl.1.gz /usr/share/man/pl/man1/vim.1.gz --slave /usr/share/man/ru/man1/ex.1.gz ex.ru.1.gz /usr/share/man/ru/man1/vim.1.gz --slave /usr/share/man/ja/man1/ex.1.gz ex.ja.1.gz /usr/share/man/ja/man1/vim.1.gz --slave /usr/share/man/man1/ex.1.gz ex.1.gz /usr/share/man/man1/vim.1.gz
update-alternatives 2015-12-17 17:00:13: link group ex updated to point to /usr/bin/vim.tiny
update-alternatives 2015-12-17 17:00:13: run with --install /usr/bin/editor editor /usr/bin/vim.tiny 10 --slave /usr/share/man/fr/man1/editor.1.gz editor.fr.1.gz /usr/share/man/fr/man1/vim.1.gz --slave /usr/share/man/it/man1/editor.1.gz editor.it.1.gz /usr/share/man/it/man1/vim.1.gz --slave /usr/share/man/pl/man1/editor.1.gz editor.pl.1.gz /usr/share/man/pl/man1/vim.1.gz --slave /usr/share/man/ru/man1/editor.1.gz editor.ru.1.gz /usr/share/man/ru/man1/vim.1.gz --slave /usr/share/man/ja/man1/editor.1.gz editor.ja.1.gz /usr/share/man/ja/man1/vim.1.gz --slave /usr/share/man/man1/editor.1.gz editor.1.gz /usr/share/man/man1/vim.1.gz
update-alternatives 2015-12-17 17:05:06: run with --install /usr/bin/rename rename /usr/bin/prename 60 --slave /usr/share/man/man1/rename.1.gz rename.1.gz /usr/share/man/man1/prename.1.gz
update-alternatives 2015-12-17 17:05:06: link group rename updated to point to /usr/bin/prename
update-alternatives 2015-12-17 17:05:33: run with --quiet --install /usr/bin/rsh rsh /usr/bin/ssh 20 --slave /usr/share/man/man1/rsh.1.gz rsh.1.gz /usr/share/man/man1/ssh.1.gz
update-alternatives 2015-12-17 17:05:33: link group rsh updated to point to /usr/bin/ssh
update-alternatives 2015-12-17 17:05:33: run with --quiet --install /usr/bin/rlogin rlogin /usr/bin/slogin 20 --slave /usr/share/man/man1/rlogin.1.gz rlogin.1.gz /usr/share/man/man1/slogin.1.gz
update-alternatives 2015-12-17 17:05:33: link group rlogin updated to point to /usr/bin/slogin
update-alternatives 2015-12-17 17:05:34: run with --quiet --install /usr/bin/rcp rcp /usr/bin/scp 20 --slave /usr/share/man/man1/rcp.1.gz rcp.1.gz /usr/share/man/man1/scp.1.gz
update-alternatives 2015-12-17 17:05:34: link group rcp updated to point to /usr/bin/scp
update-alternatives 2015-12-17 17:05:47: run with --install /usr/bin/rename rename /usr/bin/file-rename 70 --slave /usr/share/man/man1/rename.1.gz rename.1.gz /usr/share/man/man1/file-rename.1p.gz
update-alternatives 2015-12-17 17:05:47: link group rename updated to point to /usr/bin/file-rename
update-alternatives 2015-12-17 17:46:28: run with --remove view /usr/bin/see
update-alternatives 2015-12-17 17:47:33: run with --install /usr/share/images/desktop-base/desktop-background desktop-background /usr/share/images/desktop-base/kali-wallpaper_1024x768.png 70
update-alternatives 2015-12-17 17:47:33: link group desktop-background updated to point to /usr/share/images/desktop-base/kali-wallpaper_1024x768.png
update-alternatives 2015-12-17 17:47:33: run with --install /usr/share/images/desktop-base/desktop-background desktop-background /usr/share/images/desktop-base/kali-wallpaper_1600x1200.png 70
update-alternatives 2015-12-17 17:47:33: run with --install /usr/share/images/desktop-base/desktop-background desktop-background /usr/share/images/desktop-base/kali-wallpaper_1280x1024.png 70
update-alternatives 2015-12-17 17:47:33: run with --install /usr/share/images/desktop-base/desktop-background desktop-background /usr/share/images/desktop-base/kali-wallpaper_1280x800.png 70
update-alternatives 2015-12-17 17:47:33: run with --install /usr/share/images/desktop-base/desktop-background desktop-background /usr/share/images/desktop-base/kali-wallpaper_1920x1080.png 75
update-alternatives 2015-12-17 17:47:33: link group desktop-background updated to point to /usr/share/images/desktop-base/kali-wallpaper_1920x1080.png
update-alternatives 2015-12-17 17:47:33: run with --install /usr/share/images/desktop-base/desktop-background desktop-background /usr/share/images/desktop-base/kali-wallpaper_1920x1200.png 70
update-alternatives 2015-12-17 17:47:33: run with --install /usr/share/images/desktop-base/desktop-background desktop-background /usr/share/images/desktop-base/lines-wallpaper_1280x1024.svg 60
update-alternatives 2015-12-17 17:47:33: run with --install /usr/share/images/desktop-base/desktop-background desktop-background /usr/share/images/desktop-base/lines-wallpaper_1600x1200.svg 60
update-alternatives 2015-12-17 17:47:33: run with --install /usr/share/images/desktop-base/desktop-background desktop-background /usr/share/images/desktop-base/lines-wallpaper_1920x1080.svg 65
update-alternatives 2015-12-17 17:47:33: run with --install /usr/share/images/desktop-base/desktop-background desktop-background /usr/share/images/desktop-base/lines-wallpaper_1920x1200.svg 60
update-alternatives 2015-12-17 17:47:33: run with --install /usr/share/images/desktop-base/desktop-background desktop-background /usr/share/images/desktop-base/lines-wallpaper_2560x1080.svg 60
update-alternatives 2015-12-17 17:47:33: run with --install /usr/share/images/desktop-base/desktop-background desktop-background /usr/share/images/desktop-base/joy-wallpaper_1600x1200.svg 55
update-alternatives 2015-12-17 17:47:33: run with --install /usr/share/images/desktop-base/desktop-background desktop-background /usr/share/images/desktop-base/joy-wallpaper_1280x1024.svg 55
update-alternatives 2015-12-17 17:47:33: run with --install /usr/share/images/desktop-base/desktop-background desktop-background /usr/share/images/desktop-base/joy-wallpaper_1920x1080.svg 55
update-alternatives 2015-12-17 17:47:33: run with --install /usr/share/images/desktop-base/desktop-background desktop-background /usr/share/images/desktop-base/joy-wallpaper_1920x1200.svg 55
update-alternatives 2015-12-17 17:47:34: run with --install /usr/share/images/desktop-base/desktop-background desktop-background /usr/share/images/desktop-base/joy-inksplat-wallpaper_1920x1080.svg 55
update-alternatives 2015-12-17 17:47:34: run with --install /usr/share/images/desktop-base/desktop-background desktop-background /usr/share/images/desktop-base/spacefun-wallpaper.svg 50
update-alternatives 2015-12-17 17:47:34: run with --install /usr/share/images/desktop-base/desktop-background desktop-background /usr/share/images/desktop-base/spacefun-wallpaper-widescreen.svg 50
update-alternatives 2015-12-17 17:47:34: run with --install /usr/share/images/desktop-base/desktop-background desktop-background /usr/share/images/desktop-base/moreblue-orbit-wallpaper.svg 40
update-alternatives 2015-12-17 17:47:34: run with --install /usr/share/images/desktop-base/desktop-background desktop-background /usr/share/images/desktop-base/moreblue-orbit-wallpaper-widescreen.svg 40
update-alternatives 2015-12-17 17:47:34: run with --install /usr/share/images/desktop-base/desktop-background.xml desktop-background.xml /usr/share/images/desktop-base/kali.xml 30
update-alternatives 2015-12-17 17:47:34: link group desktop-background.xml updated to point to /usr/share/images/desktop-base/kali.xml
update-alternatives 2015-12-17 17:47:34: run with --install /usr/share/images/desktop-base/desktop-background.xml desktop-background.xml /usr/share/images/desktop-base/lines.xml 20
update-alternatives 2015-12-17 17:47:34: run with --install /usr/share/images/desktop-base/desktop-background.xml desktop-background.xml /usr/share/images/desktop-base/joy.xml 10
update-alternatives 2015-12-17 17:47:34: run with --install /usr/share/images/desktop-base/desktop-splash desktop-splash /usr/share/images/desktop-base/spacefun-splash.svg 50
update-alternatives 2015-12-17 17:47:34: link group desktop-splash updated to point to /usr/share/images/desktop-base/spacefun-splash.svg
update-alternatives 2015-12-17 17:47:34: run with --install /usr/share/images/desktop-base/desktop-splash desktop-splash /usr/share/images/desktop-base/moreblue-orbit-splash.png 40
update-alternatives 2015-12-17 17:47:34: run with --install /usr/share/images/desktop-base/desktop-grub.png desktop-grub /usr/share/images/desktop-base/lines-grub.png 20
update-alternatives 2015-12-17 17:47:34: link group desktop-grub updated to point to /usr/share/images/desktop-base/lines-grub.png
update-alternatives 2015-12-17 17:47:34: run with --install /usr/share/images/desktop-base/desktop-grub.png desktop-grub /usr/share/images/desktop-base/lines-grub-1920x1080.png 15
update-alternatives 2015-12-17 17:47:34: run with --install /usr/share/images/desktop-base/desktop-grub.png desktop-grub /usr/share/images/desktop-base/kali-grub.png 25
update-alternatives 2015-12-17 17:47:34: link group desktop-grub updated to point to /usr/share/images/desktop-base/kali-grub.png
update-alternatives 2015-12-17 17:47:34: run with --install /usr/share/images/desktop-base/desktop-grub.png desktop-grub /usr/share/images/desktop-base/joy-grub.png 15
update-alternatives 2015-12-17 17:47:34: run with --install /usr/share/images/desktop-base/desktop-grub.png desktop-grub /usr/share/images/desktop-base/spacefun-grub.png 15
update-alternatives 2015-12-17 17:47:34: run with --install /usr/share/images/desktop-base/desktop-grub.png desktop-grub /usr/share/images/desktop-base/spacefun-grub-widescreen.png 14
update-alternatives 2015-12-17 17:48:37: run with --install /usr/lib/libblas.so.3 libblas.so.3 /usr/lib/libblas/libblas.so.3 10 --slave /usr/lib/libblas.so.3gf libblas.so.3gf /usr/lib/libblas/libblas.so.3
update-alternatives 2015-12-17 17:48:37: link group libblas.so.3 updated to point to /usr/lib/libblas/libblas.so.3
update-alternatives 2015-12-17 17:49:11: run with --install /usr/bin/x-session-manager x-session-manager /usr/bin/startxfce4 50 --slave /usr/share/man/man1/x-session-manager.1.gz x-session-manager.1.gz /usr/share/man/man1/startxfce4.1.gz
update-alternatives 2015-12-17 17:49:11: link group x-session-manager updated to point to /usr/bin/startxfce4
update-alternatives 2015-12-17 17:49:11: run with --install /usr/bin/x-session-manager x-session-manager /usr/bin/xfce4-session 40 --slave /usr/share/man/man1/x-session-manager.1.gz x-session-manager.1.gz /usr/share/man/man1/xfce4-session.1.gz
update-alternatives 2015-12-17 17:49:12: run with --install /usr/lib/arm-linux-gnueabihf/libtxc_dxtn.so libtxc-dxtn-arm-linux-gnueabihf /usr/lib/arm-linux-gnueabihf/libtxc_dxtn_s2tc.so.0 10
update-alternatives 2015-12-17 17:49:12: link group libtxc-dxtn-arm-linux-gnueabihf updated to point to /usr/lib/arm-linux-gnueabihf/libtxc_dxtn_s2tc.so.0
update-alternatives 2015-12-17 17:49:16: run with --install /usr/bin/lzma lzma /usr/bin/xz 20 --slave /usr/share/man/man1/lzma.1.gz lzma.1.gz /usr/share/man/man1/xz.1.gz --slave /usr/bin/unlzma unlzma /usr/bin/unxz --slave /usr/share/man/man1/unlzma.1.gz unlzma.1.gz /usr/share/man/man1/unxz.1.gz --slave /usr/bin/lzcat lzcat /usr/bin/xzcat --slave /usr/share/man/man1/lzcat.1.gz lzcat.1.gz /usr/share/man/man1/xzcat.1.gz --slave /usr/bin/lzmore lzmore /usr/bin/xzmore --slave /usr/share/man/man1/lzmore.1.gz lzmore.1.gz /usr/share/man/man1/xzmore.1.gz --slave /usr/bin/lzless lzless /usr/bin/xzless --slave /usr/share/man/man1/lzless.1.gz lzless.1.gz /usr/share/man/man1/xzless.1.gz --slave /usr/bin/lzdiff lzdiff /usr/bin/xzdiff --slave /usr/share/man/man1/lzdiff.1.gz lzdiff.1.gz /usr/share/man/man1/xzdiff.1.gz --slave /usr/bin/lzcmp lzcmp /usr/bin/xzcmp --slave /usr/share/man/man1/lzcmp.1.gz lzcmp.1.gz /usr/share/man/man1/xzcmp.1.gz --slave /usr/bin/lzgrep lzgrep /usr/bin/xzgrep --slave /usr/share/man/man1/lzgrep.1.gz lzgrep.1.gz /usr/share/man/man1/xzgrep.1.gz --slave /usr/bin/lzegrep lzegrep /usr/bin/xzegrep --slave /usr/share/man/man1/lzegrep.1.gz lzegrep.1.gz /usr/share/man/man1/xzegrep.1.gz --slave /usr/bin/lzfgrep lzfgrep /usr/bin/xzfgrep --slave /usr/share/man/man1/lzfgrep.1.gz lzfgrep.1.gz /usr/share/man/man1/xzfgrep.1.gz
update-alternatives 2015-12-17 17:49:16: link group lzma updated to point to /usr/bin/xz
update-alternatives 2015-12-17 17:49:58: run with --install /usr/bin/html2markdown html2markdown /usr/bin/html2markdown.py2 20 --slave /usr/share/man/man1/html2markdown.1.gz html2markdown.1.gz /usr/share/man/man1/html2markdown.py2.1.gz
update-alternatives 2015-12-17 17:49:58: link group html2markdown updated to point to /usr/bin/html2markdown.py2
update-alternatives 2015-12-17 17:50:12: run with --install /usr/bin/js js /usr/bin/nodejs 200 --slave /usr/share/man/man1/js.1.gz js.1.gz /usr/share/man/man1/nodejs.1.gz
update-alternatives 2015-12-17 17:50:12: link group js updated to point to /usr/bin/nodejs
update-alternatives 2015-12-17 17:50:14: run with --install /usr/bin/compare compare /usr/bin/compare-im6 100 --slave /usr/share/man/man1/compare.1.gz compare.1.gz /usr/share/man/man1/compare-im6.1.gz
update-alternatives 2015-12-17 17:50:14: link group compare updated to point to /usr/bin/compare-im6
update-alternatives 2015-12-17 17:50:14: run with --install /usr/bin/animate animate /usr/bin/animate-im6 100 --slave /usr/share/man/man1/animate.1.gz animate.1.gz /usr/share/man/man1/animate-im6.1.gz
update-alternatives 2015-12-17 17:50:14: link group animate updated to point to /usr/bin/animate-im6
update-alternatives 2015-12-17 17:50:14: run with --install /usr/bin/convert convert /usr/bin/convert-im6 100 --slave /usr/share/man/man1/convert.1.gz convert.1.gz /usr/share/man/man1/convert-im6.1.gz
update-alternatives 2015-12-17 17:50:14: link group convert updated to point to /usr/bin/convert-im6
update-alternatives 2015-12-17 17:50:14: run with --install /usr/bin/composite composite /usr/bin/composite-im6 100 --slave /usr/share/man/man1/composite.1.gz composite.1.gz /usr/share/man/man1/composite-im6.1.gz
update-alternatives 2015-12-17 17:50:14: link group composite updated to point to /usr/bin/composite-im6
update-alternatives 2015-12-17 17:50:14: run with --install /usr/bin/conjure conjure /usr/bin/conjure-im6 100 --slave /usr/share/man/man1/conjure.1.gz conjure.1.gz /usr/share/man/man1/conjure-im6.1.gz
update-alternatives 2015-12-17 17:50:14: link group conjure updated to point to /usr/bin/conjure-im6
update-alternatives 2015-12-17 17:50:14: run with --install /usr/bin/import import /usr/bin/import-im6 100 --slave /usr/share/man/man1/import.1.gz import.1.gz /usr/share/man/man1/import-im6.1.gz
update-alternatives 2015-12-17 17:50:14: link group import updated to point to /usr/bin/import-im6
update-alternatives 2015-12-17 17:50:14: run with --install /usr/bin/identify identify /usr/bin/identify-im6 100 --slave /usr/share/man/man1/identify.1.gz identify.1.gz /usr/share/man/man1/identify-im6.1.gz
update-alternatives 2015-12-17 17:50:14: link group identify updated to point to /usr/bin/identify-im6
update-alternatives 2015-12-17 17:50:14: run with --install /usr/bin/stream stream /usr/bin/stream-im6 100 --slave /usr/share/man/man1/stream.1.gz stream.1.gz /usr/share/man/man1/stream-im6.1.gz
update-alternatives 2015-12-17 17:50:14: link group stream updated to point to /usr/bin/stream-im6
update-alternatives 2015-12-17 17:50:14: run with --install /usr/bin/display display /usr/bin/display-im6 100 --slave /usr/share/man/man1/display.1.gz display.1.gz /usr/share/man/man1/display-im6.1.gz
update-alternatives 2015-12-17 17:50:14: link group display updated to point to /usr/bin/display-im6
update-alternatives 2015-12-17 17:50:14: run with --install /usr/bin/montage montage /usr/bin/montage-im6 100 --slave /usr/share/man/man1/montage.1.gz montage.1.gz /usr/share/man/man1/montage-im6.1.gz
update-alternatives 2015-12-17 17:50:14: link group montage updated to point to /usr/bin/montage-im6
update-alternatives 2015-12-17 17:50:14: run with --install /usr/bin/mogrify mogrify /usr/bin/mogrify-im6 100 --slave /usr/share/man/man1/mogrify.1.gz mogrify.1.gz /usr/share/man/man1/mogrify-im6.1.gz
update-alternatives 2015-12-17 17:50:14: link group mogrify updated to point to /usr/bin/mogrify-im6
update-alternatives 2015-12-17 17:50:18: run with --quiet --install /lib/cpp cpp /usr/bin/cpp 10
update-alternatives 2015-12-17 17:50:18: link group cpp updated to point to /usr/bin/cpp
update-alternatives 2015-12-17 17:50:19: run with --quiet --install /usr/bin/cc cc /usr/bin/gcc 20
update-alternatives 2015-12-17 17:50:19: link group cc updated to point to /usr/bin/gcc
update-alternatives 2015-12-17 17:50:19: run with --quiet --install /usr/bin/c89 c89 /usr/bin/c89-gcc 20 --slave /usr/share/man/man1/c89.1.gz c89.1.gz /usr/share/man/man1/c89-gcc.1.gz
update-alternatives 2015-12-17 17:50:19: link group c89 updated to point to /usr/bin/c89-gcc
update-alternatives 2015-12-17 17:50:19: run with --quiet --install /usr/bin/c99 c99 /usr/bin/c99-gcc 20 --slave /usr/share/man/man1/c99.1.gz c99.1.gz /usr/share/man/man1/c99-gcc.1.gz
update-alternatives 2015-12-17 17:50:19: link group c99 updated to point to /usr/bin/c99-gcc
update-alternatives 2015-12-17 17:50:19: run with --install /usr/bin/c++ c++ /usr/bin/g++ 20
update-alternatives 2015-12-17 17:50:19: link group c++ updated to point to /usr/bin/g++
update-alternatives 2015-12-17 17:50:27: run with --install /usr/bin/fakeroot fakeroot /usr/bin/fakeroot-sysv 50 --slave /usr/share/man/man1/fakeroot.1.gz fakeroot.1.gz /usr/share/man/man1/fakeroot-sysv.1.gz --slave /usr/share/man/man1/faked.1.gz faked.1.gz /usr/share/man/man1/faked-sysv.1.gz --slave /usr/share/man/es/man1/fakeroot.1.gz fakeroot.es.1.gz /usr/share/man/es/man1/fakeroot-sysv.1.gz --slave /usr/share/man/es/man1/faked.1.gz faked.es.1.gz /usr/share/man/es/man1/faked-sysv.1.gz --slave /usr/share/man/fr/man1/fakeroot.1.gz fakeroot.fr.1.gz /usr/share/man/fr/man1/fakeroot-sysv.1.gz --slave /usr/share/man/fr/man1/faked.1.gz faked.fr.1.gz /usr/share/man/fr/man1/faked-sysv.1.gz --slave /usr/share/man/sv/man1/fakeroot.1.gz fakeroot.sv.1.gz /usr/share/man/sv/man1/fakeroot-sysv.1.gz --slave /usr/share/man/sv/man1/faked.1.gz faked.sv.1.gz /usr/share/man/sv/man1/faked-sysv.1.gz
update-alternatives 2015-12-17 17:50:27: link group fakeroot updated to point to /usr/bin/fakeroot-sysv
update-alternatives 2015-12-17 17:50:27: run with --install /usr/bin/fakeroot fakeroot /usr/bin/fakeroot-tcp 30 --slave /usr/share/man/man1/fakeroot.1.gz fakeroot.1.gz /usr/share/man/man1/fakeroot-tcp.1.gz --slave /usr/share/man/man1/faked.1.gz faked.1.gz /usr/share/man/man1/faked-tcp.1.gz --slave /usr/share/man/es/man1/fakeroot.1.gz fakeroot.es.1.gz /usr/share/man/es/man1/fakeroot-tcp.1.gz --slave /usr/share/man/es/man1/faked.1.gz faked.es.1.gz /usr/share/man/es/man1/faked-tcp.1.gz --slave /usr/share/man/fr/man1/fakeroot.1.gz fakeroot.fr.1.gz /usr/share/man/fr/man1/fakeroot-tcp.1.gz --slave /usr/share/man/fr/man1/faked.1.gz faked.fr.1.gz /usr/share/man/fr/man1/faked-tcp.1.gz --slave /usr/share/man/sv/man1/fakeroot.1.gz fakeroot.sv.1.gz /usr/share/man/sv/man1/fakeroot-tcp.1.gz --slave /usr/share/man/sv/man1/faked.1.gz faked.sv.1.gz /usr/share/man/sv/man1/faked-tcp.1.gz
update-alternatives 2015-12-17 17:50:28: run with --quiet --install /usr/bin/jar jar /usr/bin/fastjar 100 --slave /usr/share/man/man1/jar.1.gz jar.1.gz /usr/share/man/man1/fastjar.1.gz
update-alternatives 2015-12-17 17:50:28: link group jar updated to point to /usr/bin/fastjar
update-alternatives 2015-12-17 17:50:44: run with --install /usr/bin/x-window-manager x-window-manager /usr/bin/xfwm4 60 --slave /usr/share/man/man1/x-window-manager.1.gz x-window-manager.1.gz /usr/share/man/man1/xfwm4.1.gz
update-alternatives 2015-12-17 17:50:44: link group x-window-manager updated to point to /usr/bin/xfwm4
update-alternatives 2015-12-17 17:50:48: run with --install /usr/bin/x-terminal-emulator x-terminal-emulator /usr/bin/xfce4-terminal.wrapper 40 --slave /usr/share/man/man1/x-terminal-emulator.1.gz x-terminal-emulator.1.gz /usr/share/man/man1/xfce4-terminal.wrapper.1.gz
update-alternatives 2015-12-17 17:50:48: link group x-terminal-emulator updated to point to /usr/bin/xfce4-terminal.wrapper
update-alternatives 2015-12-17 17:50:57: run with --install /usr/share/man/man1/psql.1.gz psql.1.gz /usr/share/postgresql/9.4/man/man1/psql.1.gz 94 --slave /usr/share/man/man7/WITH.7.gz WITH.7.gz /usr/share/postgresql/9.4/man/man7/WITH.7.gz --slave /usr/share/man/man7/VALUES.7.gz VALUES.7.gz /usr/share/postgresql/9.4/man/man7/VALUES.7.gz --slave /usr/share/man/man7/VACUUM.7.gz VACUUM.7.gz /usr/share/postgresql/9.4/man/man7/VACUUM.7.gz --slave /usr/share/man/man7/UPDATE.7.gz UPDATE.7.gz /usr/share/postgresql/9.4/man/man7/UPDATE.7.gz --slave /usr/share/man/man7/UNLISTEN.7.gz UNLISTEN.7.gz /usr/share/postgresql/9.4/man/man7/UNLISTEN.7.gz --slave /usr/share/man/man7/TRUNCATE.7.gz TRUNCATE.7.gz /usr/share/postgresql/9.4/man/man7/TRUNCATE.7.gz --slave /usr/share/man/man7/TABLE.7.gz TABLE.7.gz /usr/share/postgresql/9.4/man/man7/TABLE.7.gz --slave /usr/share/man/man7/START_TRANSACTION.7.gz START_TRANSACTION.7.gz /usr/share/postgresql/9.4/man/man7/START_TRANSACTION.7.gz --slave /usr/share/man/man7/SHOW.7.gz SHOW.7.gz /usr/share/postgresql/9.4/man/man7/SHOW.7.gz --slave /usr/share/man/man7/SET_TRANSACTION.7.gz SET_TRANSACTION.7.gz /usr/share/postgresql/9.4/man/man7/SET_TRANSACTION.7.gz --slave /usr/share/man/man7/SET_SESSION_AUTHORIZATION.7.gz SET_SESSION_AUTHORIZATION.7.gz /usr/share/postgresql/9.4/man/man7/SET_SESSION_AUTHORIZATION.7.gz --slave /usr/share/man/man7/SET_ROLE.7.gz SET_ROLE.7.gz /usr/share/postgresql/9.4/man/man7/SET_ROLE.7.gz --slave /usr/share/man/man7/SET_CONSTRAINTS.7.gz SET_CONSTRAINTS.7.gz /usr/share/postgresql/9.4/man/man7/SET_CONSTRAINTS.7.gz --slave /usr/share/man/man7/SET.7.gz SET.7.gz /usr/share/postgresql/9.4/man/man7/SET.7.gz --slave /usr/share/man/man7/SELECT_INTO.7.gz SELECT_INTO.7.gz /usr/share/postgresql/9.4/man/man7/SELECT_INTO.7.gz --slave /usr/share/man/man7/SELECT.7.gz SELECT.7.gz /usr/share/postgresql/9.4/man/man7/SELECT.7.gz --slave /usr/share/man/man7/SECURITY_LABEL.7.gz SECURITY_LABEL.7.gz /usr/share/postgresql/9.4/man/man7/SECURITY_LABEL.7.gz --slave /usr/share/man/man7/SAVEPOINT.7.gz SAVEPOINT.7.gz
update-alternatives 2015-12-17 17:50:57: link group psql.1.gz updated to point to /usr/share/postgresql/9.4/man/man1/psql.1.gz
update-alternatives 2015-12-17 17:51:40: run with --install /usr/share/man/man1/postmaster.1.gz postmaster.1.gz /usr/share/postgresql/9.4/man/man1/postmaster.1.gz 94 --slave /usr/share/man/man1/postgres.1.gz postgres.1.gz /usr/share/postgresql/9.4/man/man1/postgres.1.gz --slave /usr/share/man/man1/pg_xlogdump.1.gz pg_xlogdump.1.gz /usr/share/postgresql/9.4/man/man1/pg_xlogdump.1.gz --slave /usr/share/man/man1/pg_upgrade.1.gz pg_upgrade.1.gz /usr/share/postgresql/9.4/man/man1/pg_upgrade.1.gz --slave /usr/share/man/man1/pg_resetxlog.1.gz pg_resetxlog.1.gz /usr/share/postgresql/9.4/man/man1/pg_resetxlog.1.gz --slave /usr/share/man/man1/pg_ctl.1.gz pg_ctl.1.gz /usr/share/postgresql/9.4/man/man1/pg_ctl.1.gz --slave /usr/share/man/man1/pg_controldata.1.gz pg_controldata.1.gz /usr/share/postgresql/9.4/man/man1/pg_controldata.1.gz --slave /usr/share/man/man1/initdb.1.gz initdb.1.gz /usr/share/postgresql/9.4/man/man1/initdb.1.gz
update-alternatives 2015-12-17 17:51:40: link group postmaster.1.gz updated to point to /usr/share/postgresql/9.4/man/man1/postmaster.1.gz
update-alternatives 2015-12-17 17:51:41: run with --install /usr/bin/msfbinscan msfbinscan /usr/share/metasploit-framework/msfbinscan 50
update-alternatives 2015-12-17 17:51:41: link group msfbinscan updated to point to /usr/share/metasploit-framework/msfbinscan
update-alternatives 2015-12-17 17:51:41: run with --install /usr/bin/msfconsole msfconsole /usr/share/metasploit-framework/msfconsole 50
update-alternatives 2015-12-17 17:51:41: link group msfconsole updated to point to /usr/share/metasploit-framework/msfconsole
update-alternatives 2015-12-17 17:51:41: run with --install /usr/bin/msfd msfd /usr/share/metasploit-framework/msfd 50
update-alternatives 2015-12-17 17:51:41: link group msfd updated to point to /usr/share/metasploit-framework/msfd
update-alternatives 2015-12-17 17:51:41: run with --install /usr/bin/msfdb msfdb /usr/share/metasploit-framework/msfdb 50
update-alternatives 2015-12-17 17:51:41: link group msfdb updated to point to /usr/share/metasploit-framework/msfdb
update-alternatives 2015-12-17 17:51:41: run with --install /usr/bin/msfelfscan msfelfscan /usr/share/metasploit-framework/msfelfscan 50
update-alternatives 2015-12-17 17:51:41: link group msfelfscan updated to point to /usr/share/metasploit-framework/msfelfscan
update-alternatives 2015-12-17 17:51:41: run with --install /usr/bin/msfmachscan msfmachscan /usr/share/metasploit-framework/msfmachscan 50
update-alternatives 2015-12-17 17:51:41: link group msfmachscan updated to point to /usr/share/metasploit-framework/msfmachscan
update-alternatives 2015-12-17 17:51:41: run with --install /usr/bin/msfpescan msfpescan /usr/share/metasploit-framework/msfpescan 50
update-alternatives 2015-12-17 17:51:41: link group msfpescan updated to point to /usr/share/metasploit-framework/msfpescan
update-alternatives 2015-12-17 17:51:41: run with --install /usr/bin/msfrop msfrop /usr/share/metasploit-framework/msfrop 50
update-alternatives 2015-12-17 17:51:41: link group msfrop updated to point to /usr/share/metasploit-framework/msfrop
update-alternatives 2015-12-17 17:51:41: run with --install /usr/bin/msfrpc msfrpc /usr/share/metasploit-framework/msfrpc 50
update-alternatives 2015-12-17 17:51:41: link group msfrpc updated to point to /usr/share/metasploit-framework/msfrpc
update-alternatives 2015-12-17 17:51:41: run with --install /usr/bin/msfrpcd msfrpcd /usr/share/metasploit-framework/msfrpcd 50
update-alternatives 2015-12-17 17:51:41: link group msfrpcd updated to point to /usr/share/metasploit-framework/msfrpcd
update-alternatives 2015-12-17 17:51:41: run with --install /usr/bin/msfupdate msfupdate /usr/share/metasploit-framework/msfupdate 50
update-alternatives 2015-12-17 17:51:41: link group msfupdate updated to point to /usr/share/metasploit-framework/msfupdate
update-alternatives 2015-12-17 17:51:41: run with --install /usr/bin/msfvenom msfvenom /usr/share/metasploit-framework/msfvenom 50
update-alternatives 2015-12-17 17:51:41: link group msfvenom updated to point to /usr/share/metasploit-framework/msfvenom
update-alternatives 2015-12-17 17:51:55: run with --install /usr/bin/upx upx /usr/bin/upx-ucl 30 --slave /usr/share/man/man1/upx.1.gz upx.1.gz /usr/share/man/man1/upx-ucl.1.gz
update-alternatives 2015-12-17 17:51:55: link group upx updated to point to /usr/bin/upx-ucl
update-alternatives 2015-12-17 17:53:02: run with --install /usr/bin/vncserver vncserver /usr/bin/tightvncserver 70 --slave /usr/share/man/man1/vncserver.1.gz vncserver.1.gz /usr/share/man/man1/tightvncserver.1.gz --slave /usr/bin/vncconnect vncconnect /usr/bin/tightvncconnect --slave /usr/share/man/man1/vncconnect.1.gz vncconnect.1.gz /usr/share/man/man1/tightvncconnect.1.gz
update-alternatives 2015-12-17 17:53:02: link group vncserver updated to point to /usr/bin/tightvncserver
update-alternatives 2015-12-17 17:53:02: run with --install /usr/bin/Xvnc Xvnc /usr/bin/Xtightvnc 70 --slave /usr/share/man/man1/Xvnc Xvnc.1.gz /usr/share/man/man1/Xtightvnc.1.gz
update-alternatives 2015-12-17 17:53:02: link group Xvnc updated to point to /usr/bin/Xtightvnc
update-alternatives 2015-12-17 17:53:02: run with --install /usr/bin/vncpasswd vncpasswd /usr/bin/tightvncpasswd 70 --slave /usr/share/man/man1/vncpasswd.1.gz vncpasswd.1.gz /usr/share/man/man1/tightvncpasswd.1.gz
update-alternatives 2015-12-17 17:53:02: link group vncpasswd updated to point to /usr/bin/tightvncpasswd
update-alternatives 2015-12-17 17:53:18: run with --install /usr/bin/php php /usr/bin/php5 50 --slave /usr/share/man/man1/php.1.gz php.1.gz /usr/share/man/man1/php5.1.gz
update-alternatives 2015-12-17 17:53:18: link group php updated to point to /usr/bin/php5
update-alternatives 2015-12-17 17:54:58: run with --install /usr/bin/x-terminal-emulator x-terminal-emulator /usr/bin/xterm 20 --slave /usr/share/man/man1/x-terminal-emulator.1.gz x-terminal-emulator.1.gz /usr/share/man/man1/xterm.1.gz
update-alternatives 2015-12-17 17:54:58: run with --install /usr/bin/x-terminal-emulator x-terminal-emulator /usr/bin/uxterm 20 --slave /usr/share/man/man1/x-terminal-emulator.1.gz x-terminal-emulator.1.gz /usr/share/man/man1/uxterm.1.gz
update-alternatives 2015-12-17 17:54:58: run with --install /usr/bin/x-terminal-emulator x-terminal-emulator /usr/bin/koi8rxterm 20 --slave /usr/share/man/man1/x-terminal-emulator.1.gz x-terminal-emulator.1.gz /usr/share/man/man1/koi8rxterm.1.gz
update-alternatives 2015-12-17 17:54:58: run with --install /usr/bin/x-terminal-emulator x-terminal-emulator /usr/bin/lxterm 30 --slave /usr/share/man/man1/x-terminal-emulator.1.gz x-terminal-emulator.1.gz /usr/share/man/man1/lxterm.1.gz
update-alternatives 2015-12-17 17:55:33: run with --install /usr/share/icons/gnome/scalable/places/start-here.svg start-here.svg /usr/share/icons/gnome/scalable/places/debian-swirl.svg 30 --slave /usr/share/icons/gnome/16x16/places/start-here.png start-here-16.png /usr/share/icons/gnome/16x16/places/debian-swirl.png --slave /usr/share/icons/gnome/22x22/places/start-here.png start-here-22.png /usr/share/icons/gnome/22x22/places/debian-swirl.png --slave /usr/share/icons/gnome/24x24/places/start-here.png start-here-24.png /usr/share/icons/gnome/24x24/places/debian-swirl.png --slave /usr/share/icons/gnome/256x256/places/start-here.png start-here-256.png /usr/share/icons/gnome/256x256/places/debian-swirl.png --slave /usr/share/icons/gnome/32x32/places/start-here.png start-here-32.png /usr/share/icons/gnome/32x32/places/debian-swirl.png --slave /usr/share/icons/gnome/48x48/places/start-here.png start-here-48.png /usr/share/icons/gnome/48x48/places/debian-swirl.png
update-alternatives 2015-12-17 17:55:33: link group start-here.svg updated to point to /usr/share/icons/gnome/scalable/places/debian-swirl.svg
update-alternatives 2015-12-17 17:55:33: run with --install /usr/share/icons/gnome/scalable/places/start-here.svg start-here.svg /usr/share/icons/gnome/scalable/places/gnome-foot.svg 20 --slave /usr/share/icons/gnome/16x16/places/start-here.png start-here-16.png /usr/share/icons/gnome/16x16/places/gnome-foot.png --slave /usr/share/icons/gnome/22x22/places/start-here.png start-here-22.png /usr/share/icons/gnome/22x22/places/gnome-foot.png --slave /usr/share/icons/gnome/24x24/places/start-here.png start-here-24.png /usr/share/icons/gnome/24x24/places/gnome-foot.png --slave /usr/share/icons/gnome/256x256/places/start-here.png start-here-256.png /usr/share/icons/gnome/256x256/places/gnome-foot.png --slave /usr/share/icons/gnome/32x32/places/start-here.png start-here-32.png /usr/share/icons/gnome/32x32/places/gnome-foot.png --slave /usr/share/icons/gnome/48x48/places/start-here.png start-here-48.png /usr/share/icons/gnome/48x48/places/gnome-foot.png
update-alternatives 2015-12-17 17:55:33: run with --install /usr/share/icons/gnome/scalable/places/start-here.svg start-here.svg /usr/share/icons/gnome-colors-common/scalable/places/gnome-colors.svg 20 --slave /usr/share/icons/gnome/16x16/places/start-here.png start-here-16.png /usr/share/icons/gnome-colors-common/16x16/places/gnome-colors.png --slave /usr/share/icons/gnome/22x22/places/start-here.png start-here-22.png /usr/share/icons/gnome-colors-common/22x22/places/gnome-colors.png --slave /usr/share/icons/gnome/24x24/places/start-here.png start-here-24.png /usr/share/icons/gnome-colors-common/24x24/places/gnome-colors.png --slave /usr/share/icons/gnome/32x32/places/start-here.png start-here-32.png /usr/share/icons/gnome-colors-common/32x32/places/gnome-colors.png
update-alternatives 2015-12-17 17:55:52: run with --install /usr/bin/rmid rmid /usr/lib/jvm/java-7-openjdk-armhf/jre/bin/rmid 1063 --slave /usr/share/man/man1/rmid.1.gz rmid.1.gz /usr/lib/jvm/java-7-openjdk-armhf/jre/man/man1/rmid.1.gz
update-alternatives 2015-12-17 17:55:52: link group rmid updated to point to /usr/lib/jvm/java-7-openjdk-armhf/jre/bin/rmid
update-alternatives 2015-12-17 17:55:52: run with --install /usr/bin/java java /usr/lib/jvm/java-7-openjdk-armhf/jre/bin/java 1063 --slave /usr/share/man/man1/java.1.gz java.1.gz /usr/lib/jvm/java-7-openjdk-armhf/jre/man/man1/java.1.gz
update-alternatives 2015-12-17 17:55:52: link group java updated to point to /usr/lib/jvm/java-7-openjdk-armhf/jre/bin/java
update-alternatives 2015-12-17 17:55:52: run with --install /usr/bin/keytool keytool /usr/lib/jvm/java-7-openjdk-armhf/jre/bin/keytool 1063 --slave /usr/share/man/man1/keytool.1.gz keytool.1.gz /usr/lib/jvm/java-7-openjdk-armhf/jre/man/man1/keytool.1.gz
update-alternatives 2015-12-17 17:55:52: link group keytool updated to point to /usr/lib/jvm/java-7-openjdk-armhf/jre/bin/keytool
update-alternatives 2015-12-17 17:55:52: run with --install /usr/bin/pack200 pack200 /usr/lib/jvm/java-7-openjdk-armhf/jre/bin/pack200 1063 --slave /usr/share/man/man1/pack200.1.gz pack200.1.gz /usr/lib/jvm/java-7-openjdk-armhf/jre/man/man1/pack200.1.gz
update-alternatives 2015-12-17 17:55:52: link group pack200 updated to point to /usr/lib/jvm/java-7-openjdk-armhf/jre/bin/pack200
update-alternatives 2015-12-17 17:55:52: run with --install /usr/bin/rmiregistry rmiregistry /usr/lib/jvm/java-7-openjdk-armhf/jre/bin/rmiregistry 1063 --slave /usr/share/man/man1/rmiregistry.1.gz rmiregistry.1.gz /usr/lib/jvm/java-7-openjdk-armhf/jre/man/man1/rmiregistry.1.gz
update-alternatives 2015-12-17 17:55:52: link group rmiregistry updated to point to /usr/lib/jvm/java-7-openjdk-armhf/jre/bin/rmiregistry
update-alternatives 2015-12-17 17:55:52: run with --install /usr/bin/unpack200 unpack200 /usr/lib/jvm/java-7-openjdk-armhf/jre/bin/unpack200 1063 --slave /usr/share/man/man1/unpack200.1.gz unpack200.1.gz /usr/lib/jvm/java-7-openjdk-armhf/jre/man/man1/unpack200.1.gz
update-alternatives 2015-12-17 17:55:52: link group unpack200 updated to point to /usr/lib/jvm/java-7-openjdk-armhf/jre/bin/unpack200
update-alternatives 2015-12-17 17:55:52: run with --install /usr/bin/orbd orbd /usr/lib/jvm/java-7-openjdk-armhf/jre/bin/orbd 1063 --slave /usr/share/man/man1/orbd.1.gz orbd.1.gz /usr/lib/jvm/java-7-openjdk-armhf/jre/man/man1/orbd.1.gz
update-alternatives 2015-12-17 17:55:52: link group orbd updated to point to /usr/lib/jvm/java-7-openjdk-armhf/jre/bin/orbd
update-alternatives 2015-12-17 17:55:52: run with --install /usr/bin/servertool servertool /usr/lib/jvm/java-7-openjdk-armhf/jre/bin/servertool 1063 --slave /usr/share/man/man1/servertool.1.gz servertool.1.gz /usr/lib/jvm/java-7-openjdk-armhf/jre/man/man1/servertool.1.gz
update-alternatives 2015-12-17 17:55:52: link group servertool updated to point to /usr/lib/jvm/java-7-openjdk-armhf/jre/bin/servertool
update-alternatives 2015-12-17 17:55:53: run with --install /usr/bin/tnameserv tnameserv /usr/lib/jvm/java-7-openjdk-armhf/jre/bin/tnameserv 1063 --slave /usr/share/man/man1/tnameserv.1.gz tnameserv.1.gz /usr/lib/jvm/java-7-openjdk-armhf/jre/man/man1/tnameserv.1.gz
update-alternatives 2015-12-17 17:55:53: link group tnameserv updated to point to /usr/lib/jvm/java-7-openjdk-armhf/jre/bin/tnameserv
update-alternatives 2015-12-17 17:55:53: run with --install /usr/bin/jexec jexec /usr/lib/jvm/java-7-openjdk-armhf/jre/lib/jexec 1063 --slave /usr/share/binfmts/jar jexec-binfmt /usr/lib/jvm/java-7-openjdk-armhf/jre/lib/jar.binfmt
update-alternatives 2015-12-17 17:55:53: link group jexec updated to point to /usr/lib/jvm/java-7-openjdk-armhf/jre/lib/jexec
update-alternatives 2015-12-17 17:55:53: run with --install /usr/bin/policytool policytool /usr/lib/jvm/java-7-openjdk-armhf/jre/bin/policytool 1063 --slave /usr/share/man/man1/policytool.1.gz policytool.1.gz /usr/lib/jvm/java-7-openjdk-armhf/jre/man/man1/policytool.1.gz
update-alternatives 2015-12-17 17:55:53: link group policytool updated to point to /usr/lib/jvm/java-7-openjdk-armhf/jre/bin/policytool
